#
# There is insufficient memory for the Java Runtime Environment to continue.
# Native memory allocation (mmap) failed to map 127926272 bytes for Failed to commit area from 0x0000000086400000 to 0x000000008de00000 of length 127926272.
# Possible reasons:
#   The system is out of physical RAM or swap space
#   The process is running with CompressedOops enabled, and the Java Heap may be blocking the growth of the native heap
# Possible solutions:
#   Reduce memory load on the system
#   Increase physical memory or swap space
#   Check if swap backing store is full
#   Decrease Java heap size (-Xmx/-Xms)
#   Decrease number of Java threads
#   Decrease Java thread stack sizes (-Xss)
#   Set larger code cache with -XX:ReservedCodeCacheSize=
# This output file may be truncated or incomplete.
#
#  Out of Memory Error (./src/hotspot/os/windows/os_windows.cpp:3301), pid=20684, tid=23176
#
# JRE version:  (11.0.10) (build )
# Java VM: OpenJDK 64-Bit Server VM (11.0.10+0-b96-7249189, mixed mode, sharing, tiered, compressed oops, g1 gc, windows-amd64)
# No core dump will be written. Minidumps are not enabled by default on client versions of Windows
#

---------------  S U M M A R Y ------------

Command Line: org.jetbrains.kotlin.cli.jvm.K2JVMCompiler @C:\Users\janel\AndroidStudioProjects\LeongCarWash\app\build\20220914_1607631649570749696.compiler.options

Host: Intel(R) Core(TM) i5-10210U CPU @ 1.60GHz, 8 cores, 7G,  Windows 10 , 64 bit Build 19041 (10.0.19041.1889)
Time: Wed Sep 14 22:31:49 2022 Malay Peninsula Standard Time elapsed time: 0.010589 seconds (0d 0h 0m 0s)

---------------  T H R E A D  ---------------

Current thread (0x000002269c7b9000):  JavaThread "Unknown thread" [_thread_in_vm, id=23176, stack(0x000000bce6f00000,0x000000bce7000000)]

Stack: [0x000000bce6f00000,0x000000bce7000000]
Native frames: (J=compiled Java code, j=interpreted, Vv=VM code, C=native code)
V  [jvm.dll+0x5ecfaa]
V  [jvm.dll+0x722bd5]
V  [jvm.dll+0x72412d]
V  [jvm.dll+0x7247e3]
V  [jvm.dll+0x242928]
V  [jvm.dll+0x5ea374]
V  [jvm.dll+0x5df425]
V  [jvm.dll+0x2fdebb]
V  [jvm.dll+0x2fde2a]
V  [jvm.dll+0x2fdd02]
V  [jvm.dll+0x302bf6]
V  [jvm.dll+0x34b2a3]
V  [jvm.dll+0x34b9a6]
V  [jvm.dll+0x34b3a3]
V  [jvm.dll+0x2d8888]
V  [jvm.dll+0x2d9a37]
V  [jvm.dll+0x701737]
V  [jvm.dll+0x702f2c]
V  [jvm.dll+0x3587d9]
V  [jvm.dll+0x6e4fae]
V  [jvm.dll+0x3c0be3]
V  [jvm.dll+0x3c2e91]
C  [jli.dll+0x5373]
C  [ucrtbase.dll+0x21bb2]
C  [KERNEL32.DLL+0x17034]
C  [ntdll.dll+0x52651]


---------------  P R O C E S S  ---------------

Threads class SMR info:
_java_thread_list=0x000002269ae5fbb0, length=0, elements={
}

Java Threads: ( => current thread )

Other Threads:
  0x000002269c7d0800 GCTaskThread "GC Thread#0" [stack: 0x000000bce7000000,0x000000bce7100000] [id=15864]
  0x000002269c7ff000 ConcurrentGCThread "G1 Main Marker" [stack: 0x000000bce7100000,0x000000bce7200000] [id=29744]
  0x000002269c800800 ConcurrentGCThread "G1 Conc#0" [stack: 0x000000bce7200000,0x000000bce7300000] [id=28960]

[error occurred during error reporting (printing all threads), id 0xc0000005, EXCEPTION_ACCESS_VIOLATION (0xc0000005) at pc=0x00007ffff00e9107]

VM state:not at safepoint (not fully initialized)

VM Mutex/Monitor currently owned by a thread:  ([mutex/lock_event])
[0x000002269c7b61c0] Heap_lock - owner thread: 0x000002269c7b9000

Heap address: 0x0000000086400000, size: 1948 MB, Compressed Oops mode: Non-zero based: 0x0000000086400000
Narrow klass base: 0x0000000000000000, Narrow klass shift: 0

GC Heap History (0 events):
No events

Deoptimization events (0 events):
No events

Classes redefined (0 events):
No events

Internal exceptions (0 events):
No events

Events (1 events):
Event: 0.007 Loaded shared library C:\Program Files\Android\Android Studio\jre\bin\zip.dll


Dynamic libraries:
0x00007ff7c58d0000 - 0x00007ff7c58da000 	C:\Program Files\Android\Android Studio\jre\bin\java.exe
0x00007ff869bb0000 - 0x00007ff869da8000 	C:\WINDOWS\SYSTEM32\ntdll.dll
0x00007ff867cc0000 - 0x00007ff867d7d000 	C:\WINDOWS\System32\KERNEL32.DLL
0x00007ff867730000 - 0x00007ff8679fe000 	C:\WINDOWS\System32\KERNELBASE.dll
0x00007ff867630000 - 0x00007ff867730000 	C:\WINDOWS\System32\ucrtbase.dll
0x00007ff84c760000 - 0x00007ff84c777000 	C:\Program Files\Android\Android Studio\jre\bin\VCRUNTIME140.dll
0x00007ff84b650000 - 0x00007ff84b669000 	C:\Program Files\Android\Android Studio\jre\bin\jli.dll
0x00007ff868990000 - 0x00007ff868b30000 	C:\WINDOWS\System32\USER32.dll
0x00007ff867370000 - 0x00007ff867392000 	C:\WINDOWS\System32\win32u.dll
0x00007ff856b60000 - 0x00007ff856dfa000 	C:\WINDOWS\WinSxS\amd64_microsoft.windows.common-controls_6595b64144ccf1df_6.0.19041.1110_none_60b5254171f9507e\COMCTL32.dll
0x00007ff868950000 - 0x00007ff86897a000 	C:\WINDOWS\System32\GDI32.dll
0x00007ff868270000 - 0x00007ff86830e000 	C:\WINDOWS\System32\msvcrt.dll
0x00007ff867a50000 - 0x00007ff867b5b000 	C:\WINDOWS\System32\gdi32full.dll
0x00007ff8672d0000 - 0x00007ff86736d000 	C:\WINDOWS\System32\msvcp_win.dll
0x00007ff868920000 - 0x00007ff868950000 	C:\WINDOWS\System32\IMM32.DLL
0x00007ff826830000 - 0x00007ff8268cd000 	C:\Program Files\Android\Android Studio\jre\bin\msvcp140.dll
0x00007fffefe00000 - 0x00007ffff08cf000 	C:\Program Files\Android\Android Studio\jre\bin\server\jvm.dll
0x00007ff868310000 - 0x00007ff8683be000 	C:\WINDOWS\System32\ADVAPI32.dll
0x00007ff867c20000 - 0x00007ff867cbc000 	C:\WINDOWS\System32\sechost.dll
0x00007ff868650000 - 0x00007ff868775000 	C:\WINDOWS\System32\RPCRT4.dll
0x00007ff868980000 - 0x00007ff868988000 	C:\WINDOWS\System32\PSAPI.DLL
0x00007ff84c780000 - 0x00007ff84c789000 	C:\WINDOWS\SYSTEM32\WSOCK32.dll
0x00007ff854d30000 - 0x00007ff854d57000 	C:\WINDOWS\SYSTEM32\WINMM.dll
0x00007ff8614f0000 - 0x00007ff8614fa000 	C:\WINDOWS\SYSTEM32\VERSION.dll
0x00007ff8685e0000 - 0x00007ff86864b000 	C:\WINDOWS\System32\WS2_32.dll
0x00007ff865b60000 - 0x00007ff865b72000 	C:\WINDOWS\SYSTEM32\kernel.appcore.dll
0x00007ff860690000 - 0x00007ff8606a1000 	C:\Program Files\Android\Android Studio\jre\bin\verify.dll
0x00007ff865870000 - 0x00007ff865a54000 	C:\WINDOWS\SYSTEM32\DBGHELP.DLL
0x00007ff85fc10000 - 0x00007ff85fc3c000 	C:\WINDOWS\SYSTEM32\dbgcore.DLL
0x00007ff867570000 - 0x00007ff8675f2000 	C:\WINDOWS\System32\bcryptPrimitives.dll
0x00007ff85fd00000 - 0x00007ff85fd29000 	C:\Program Files\Android\Android Studio\jre\bin\java.dll
0x00007ff862400000 - 0x00007ff86240b000 	C:\Program Files\Android\Android Studio\jre\bin\jimage.dll
0x00007ff85fcd0000 - 0x00007ff85fce8000 	C:\Program Files\Android\Android Studio\jre\bin\zip.dll

dbghelp: loaded successfully - version: 4.0.5 - missing functions: none
symbol engine: initialized successfully - sym options: 0x614 - pdb path: .;C:\Program Files\Android\Android Studio\jre\bin;C:\WINDOWS\SYSTEM32;C:\WINDOWS\WinSxS\amd64_microsoft.windows.common-controls_6595b64144ccf1df_6.0.19041.1110_none_60b5254171f9507e;C:\Program Files\Android\Android Studio\jre\bin\server

VM Arguments:
java_command: org.jetbrains.kotlin.cli.jvm.K2JVMCompiler @C:\Users\janel\AndroidStudioProjects\LeongCarWash\app\build\20220914_1607631649570749696.compiler.options
java_class_path (initial): C:\Users\janel\.gradle\caches\modules-2\files-2.1\org.jetbrains.kotlin\kotlin-compiler-embeddable\1.5.20\1900e8b9aca0a9caffd45b99b36e3720a0a284f8\kotlin-compiler-embeddable-1.5.20.jar;C:\Users\janel\.gradle\caches\modules-2\files-2.1\org.jetbrains.kotlin\kotlin-reflect\1.5.20\63810951f09a27f7827977f1bc21094042a915e\kotlin-reflect-1.5.20.jar;C:\Users\janel\.gradle\caches\modules-2\files-2.1\org.jetbrains.kotlin\kotlin-stdlib\1.5.20\9de35cc611bcecec8edce1d56d8e659953806751\kotlin-stdlib-1.5.20.jar;C:\Users\janel\.gradle\caches\modules-2\files-2.1\org.jetbrains.kotlin\kotlin-script-runtime\1.5.20\4381bb58d37b84d4d1afe55ec35542dd9b77e101\kotlin-script-runtime-1.5.20.jar;C:\Users\janel\.gradle\caches\modules-2\files-2.1\org.jetbrains.kotlin\kotlin-daemon-embeddable\1.5.20\36c38cda019834dcd2959cc33a12768adcd94256\kotlin-daemon-embeddable-1.5.20.jar;C:\Users\janel\.gradle\caches\modules-2\files-2.1\org.jetbrains.intellij.deps\trove4j\1.0.20181211\216c2e14b070f334479d800987affe4054cd563f\trove4j-1.0.20181211.jar;C:\Users\janel\.gradle\caches\modules-2\files-2.1\org.jetbrains\annotations\13.0\919f0dfe192fb4e063e7dacadee7f8bb9a2672a9\annotations-13.0.jar;C:\Users\janel\.gradle\caches\modules-2\files-2.1\org.jetbrains.kotlin\kotlin-stdlib-common\1.5.20\3d79dbd48bf605f4aac1e7028981a1953e245cbb\kotlin-stdlib-common-1.5.20.jar
Launcher Type: SUN_STANDARD

[Global flags]
     intx CICompilerCount                          = 4                                         {product} {ergonomic}
     uint ConcGCThreads                            = 2                                         {product} {ergonomic}
     uint G1ConcRefinementThreads                  = 8                                         {product} {ergonomic}
   size_t G1HeapRegionSize                         = 1048576                                   {product} {ergonomic}
    uintx GCDrainStackTargetSize                   = 64                                        {product} {ergonomic}
   size_t InitialHeapSize                          = 127926272                                 {product} {ergonomic}
   size_t MarkStackSize                            = 4194304                                   {product} {ergonomic}
   size_t MaxHeapSize                              = 2042626048                                {product} {ergonomic}
   size_t MinHeapDeltaBytes                        = 1048576                                   {product} {ergonomic}
    uintx NonNMethodCodeHeapSize                   = 5836300                                {pd product} {ergonomic}
    uintx NonProfiledCodeHeapSize                  = 122910970                              {pd product} {ergonomic}
    uintx ProfiledCodeHeapSize                     = 122910970                              {pd product} {ergonomic}
    uintx ReservedCodeCacheSize                    = 251658240                              {pd product} {ergonomic}
     bool SegmentedCodeCache                       = true                                      {product} {ergonomic}
     bool UseCompressedClassPointers               = true                                 {lp64_product} {ergonomic}
     bool UseCompressedOops                        = true                                 {lp64_product} {ergonomic}
     bool UseG1GC                                  = true                                      {product} {ergonomic}
     bool UseLargePagesIndividualAllocation        = false                                  {pd product} {ergonomic}

Logging:
Log output configuration:
 #0: stdout all=warning uptime,level,tags
 #1: stderr all=off uptime,level,tags

Environment Variables:
PATH=C:\Program Files\Common Files\Oracle\Java\javapath;C:\WINDOWS\system32;C:\WINDOWS;C:\WINDOWS\System32\Wbem;C:\WINDOWS\System32\WindowsPowerShell\v1.0\;C:\WINDOWS\System32\OpenSSH\;C:\Program Files\dotnet\;C:\Users\janel\AppData\Local\Microsoft\WindowsApps;C:\Program Files (x86)\Brackets\
USERNAME=JCLeong
OS=Windows_NT
PROCESSOR_IDENTIFIER=Intel64 Family 6 Model 142 Stepping 12, GenuineIntel



---------------  S Y S T E M  ---------------

OS: Windows 10 , 64 bit Build 19041 (10.0.19041.1889)
OS uptime: 12 days 13:04 hours

CPU:total 8 (initial active 8) (4 cores per cpu, 2 threads per core) family 6 model 142 stepping 12 microcode 0xde, cmov, cx8, fxsr, mmx, sse, sse2, sse3, ssse3, sse4.1, sse4.2, popcnt, avx, avx2, aes, clmul, erms, 3dnowpref, lzcnt, ht, tsc, tscinvbit, bmi1, bmi2, adx, fma

Memory: 4k page, system-wide physical 7785M (448M free)
TotalPageFile size 17780M (AvailPageFile size 28M)
current process WorkingSet (physical memory assigned to process): 10M, peak: 10M
current process commit charge ("private bytes"): 59M, peak: 181M

vm_info: OpenJDK 64-Bit Server VM (11.0.10+0-b96-7249189) for windows-amd64 JRE (11.0.10+0-b96-7249189), built on Mar 31 2021 21:44:00 by "builder" with MS VC++ 14.0 (VS2015)

END.
